<?xml version="1.0" encoding="UTF-8"?>
<!-- Generated by org.testng.reporters.JUnitReportReporter -->
<testsuite hostname="ISHWS43" name="testLogin.DownloadBtn" tests="1" failures="0" timestamp="30 Dec 2015 08:24:53 GMT" time="21.502" errors="0">
  <testcase name="testDownload" time="21.502" classname="testLogin.DownloadBtn"/>
</testsuite> <!-- testLogin.DownloadBtn -->
