<?xml version="1.0" encoding="UTF-8"?>
<!-- Generated by org.testng.reporters.JUnitReportReporter -->
<testsuite hostname="ISHWS43" name="testLogin.CaseStudies" tests="3" failures="0" timestamp="30 Dec 2015 08:20:22 GMT" time="17.130" errors="0">
  <testcase name="submitForm" time="5.990" classname="testLogin.CaseStudies"/>
  <testcase name="caseStudies" time="9.812" classname="testLogin.CaseStudies"/>
  <testcase name="VerifyDataEntry" time="1.328" classname="testLogin.CaseStudies"/>
</testsuite> <!-- testLogin.CaseStudies -->
